2025.10.26 10:49:54 INFO  Started: Metals version 1.6.3 in folders '/home/deeme/Documents/code/egui_calculator/egui-calculator/backend' for client Neovim 0.11.4+v0.11.4.[0m
2025.10.26 10:49:54 WARN  Using H2 2.4.240 which is newer than the version Flyway has been verified with. The latest verified version of H2 is 2.3.232.[0m
2025.10.26 10:49:55 INFO  no build target found for /home/deeme/Documents/code/egui_calculator/egui-calculator/backend/src/main/scala/server/Server.scala. Using presentation compiler with project's scala-library version: 3.3.6[0m
2025.10.26 10:49:55 INFO  Attempting to connect to the build server...[0m
2025.10.26 10:49:55 INFO  Found a Bloop server running[0m
2025.10.26 10:49:56 INFO  tracing is disabled for protocol BSP, to enable tracing of incoming and outgoing JSON messages create an empty file at /home/deeme/Documents/code/egui_calculator/egui-calculator/backend/.metals/bsp.trace.json or /home/deeme/.cache/metals/bsp.trace.json[0m
2025.10.26 10:49:56 INFO  Attempting to connect to the build server...[0m
2025.10.26 10:49:56 INFO  Found a Bloop server running[0m
2025.10.26 10:49:56 INFO  tracing is disabled for protocol BSP, to enable tracing of incoming and outgoing JSON messages create an empty file at /home/deeme/Documents/code/egui_calculator/egui-calculator/backend/project/.metals/bsp.trace.json or /home/deeme/.cache/metals/bsp.trace.json[0m
2025.10.26 10:49:56 INFO  time: Connected to build server in 0.41s[0m
2025.10.26 10:49:56 INFO  Connected to Build server: Bloop v2.0.16[0m
2025.10.26 10:49:55 INFO  Created report: Optional.empty[0m
2025.10.26 10:49:55 INFO  Empty build targets. Expected at least one build target identifier. (full report at: "/home/deeme/Documents/code/egui_calculator/egui-calculator/backend/.metals/.reports/bloop/2025-10-26/r_Empty build targets...._10-49-56-409.md")[0m
2025.10.26 10:49:55 INFO  Empty build targets. Expected at least one build target identifier. (full report at: "/home/deeme/Documents/code/egui_calculator/egui-calculator/backend/.metals/.reports/bloop/2025-10-26/r_Empty build targets...._10-49-56-409.md")[0m
2025.10.26 10:49:55 INFO  Empty build targets. Expected at least one build target identifier. (full report at: "/home/deeme/Documents/code/egui_calculator/egui-calculator/backend/.metals/.reports/bloop/2025-10-26/r_Empty build targets...._10-49-56-409.md")[0m
2025.10.26 10:49:55 INFO  Empty build targets. Expected at least one build target identifier. (full report at: "/home/deeme/Documents/code/egui_calculator/egui-calculator/backend/.metals/.reports/bloop/2025-10-26/r_Empty build targets...._10-49-56-409.md")[0m
2025.10.26 10:49:55 INFO  Empty build targets. Expected at least one build target identifier. (full report at: "/home/deeme/Documents/code/egui_calculator/egui-calculator/backend/.metals/.reports/bloop/2025-10-26/r_Empty build targets...._10-49-56-409.md")[0m
2025.10.26 10:49:56 INFO  time: Imported build in 0.13s[0m
2025.10.26 10:49:58 WARN  Could not find java sources in /usr/lib/jvm/src.zip, /usr/lib/jvm/lib/src.zip, /usr/lib/jvm/java-17-openjdk/src.zip, /usr/lib/jvm/java-17-openjdk/lib/src.zip. Java symbols will not be available.[0m
2025.10.26 10:50:01 WARN  no build target for: /home/deeme/Documents/code/egui_calculator/egui-calculator/backend/src/main/scala/server/Server.scala[0m
oct. 26, 2025 10:50:01 AM org.eclipse.lsp4j.jsonrpc.RemoteEndpoint handleCancellation
AVERTISSEMENT: Unmatched cancel notification for request id 2
2025.10.26 10:50:01 INFO  no build target found for /home/deeme/Documents/code/egui_calculator/egui-calculator/backend/src/main/scala/server/Server.scala. Using presentation compiler with project's scala-library version: 2.12.20[0m
2025.10.26 10:50:03 INFO  time: indexed workspace in 7.08s[0m
2025.10.26 10:50:03 WARN  no build target for: /home/deeme/Documents/code/egui_calculator/egui-calculator/backend/src/main/scala/server/Server.scala[0m
2025.10.26 10:50:03 INFO  no build target found for /home/deeme/Documents/code/egui_calculator/egui-calculator/backend/src/main/scala/server/Server.scala. Using presentation compiler with project's scala-library version: 2.12.20[0m
2025.10.26 10:50:03 INFO  no build target found for /home/deeme/Documents/code/egui_calculator/egui-calculator/backend/src/main/scala/server/Server.scala. Using presentation compiler with project's scala-library version: 2.12.20[0m
2025.10.26 10:50:03 WARN  no build target for: /home/deeme/Documents/code/egui_calculator/egui-calculator/backend/src/main/scala/server/Server.scala[0m
2025.10.26 10:50:03 INFO  no build target found for /home/deeme/Documents/code/egui_calculator/egui-calculator/backend/src/main/scala/server/Server.scala. Using presentation compiler with project's scala-library version: 2.12.20[0m
2025.10.26 10:50:03 WARN  no build target for: /home/deeme/Documents/code/egui_calculator/egui-calculator/backend/src/main/scala/server/Server.scala[0m
2025.10.26 10:50:03 INFO  no build target found for /home/deeme/Documents/code/egui_calculator/egui-calculator/backend/src/main/scala/server/Server.scala. Using presentation compiler with project's scala-library version: 2.12.20[0m
2025.10.26 10:50:14 WARN  no build target for: /home/deeme/Documents/code/egui_calculator/egui-calculator/backend/src/main/scala/server/Server.scala[0m
2025.10.26 10:50:14 INFO  no build target found for /home/deeme/Documents/code/egui_calculator/egui-calculator/backend/src/main/scala/server/Server.scala. Using presentation compiler with project's scala-library version: 2.12.20[0m
2025.10.26 10:50:16 INFO  no build target found for /home/deeme/Documents/code/egui_calculator/egui-calculator/backend/src/main/scala/server/Server.scala. Using presentation compiler with project's scala-library version: 2.12.20[0m
2025.10.26 10:50:16 INFO  no build target found for /home/deeme/Documents/code/egui_calculator/egui-calculator/backend/src/main/scala/server/Server.scala. Using presentation compiler with project's scala-library version: 2.12.20[0m
2025.10.26 10:50:16 INFO  no build target found for /home/deeme/Documents/code/egui_calculator/egui-calculator/backend/src/main/scala/server/Server.scala. Using presentation compiler with project's scala-library version: 2.12.20[0m
2025.10.26 10:50:16 INFO  no build target found for /home/deeme/Documents/code/egui_calculator/egui-calculator/backend/src/main/scala/server/Server.scala. Using presentation compiler with project's scala-library version: 2.12.20[0m
2025.10.26 10:50:16 INFO  no build target found for /home/deeme/Documents/code/egui_calculator/egui-calculator/backend/src/main/scala/server/Server.scala. Using presentation compiler with project's scala-library version: 2.12.20[0m
2025.10.26 10:50:16 INFO  no build target found for /home/deeme/Documents/code/egui_calculator/egui-calculator/backend/src/main/scala/server/Server.scala. Using presentation compiler with project's scala-library version: 2.12.20[0m
2025.10.26 10:50:16 INFO  no build target found for /home/deeme/Documents/code/egui_calculator/egui-calculator/backend/src/main/scala/server/Server.scala. Using presentation compiler with project's scala-library version: 2.12.20[0m
2025.10.26 10:50:16 INFO  no build target found for /home/deeme/Documents/code/egui_calculator/egui-calculator/backend/src/main/scala/server/Server.scala. Using presentation compiler with project's scala-library version: 2.12.20[0m
2025.10.26 10:50:16 INFO  no build target found for /home/deeme/Documents/code/egui_calculator/egui-calculator/backend/src/main/scala/server/Server.scala. Using presentation compiler with project's scala-library version: 2.12.20[0m
2025.10.26 10:50:17 INFO  no build target found for /home/deeme/Documents/code/egui_calculator/egui-calculator/backend/src/main/scala/server/Server.scala. Using presentation compiler with project's scala-library version: 2.12.20[0m
2025.10.26 10:50:17 INFO  no build target found for /home/deeme/Documents/code/egui_calculator/egui-calculator/backend/src/main/scala/server/Server.scala. Using presentation compiler with project's scala-library version: 2.12.20[0m
2025.10.26 10:50:18 INFO  no build target found for /home/deeme/Documents/code/egui_calculator/egui-calculator/backend/src/main/scala/server/Server.scala. Using presentation compiler with project's scala-library version: 2.12.20[0m
2025.10.26 10:50:19 INFO  no build target found for /home/deeme/Documents/code/egui_calculator/egui-calculator/backend/src/main/scala/server/Server.scala. Using presentation compiler with project's scala-library version: 2.12.20[0m
2025.10.26 10:50:19 INFO  no build target found for /home/deeme/Documents/code/egui_calculator/egui-calculator/backend/src/main/scala/server/Server.scala. Using presentation compiler with project's scala-library version: 2.12.20[0m
2025.10.26 10:50:19 INFO  no build target found for /home/deeme/Documents/code/egui_calculator/egui-calculator/backend/src/main/scala/server/Server.scala. Using presentation compiler with project's scala-library version: 2.12.20[0m
2025.10.26 10:50:19 INFO  no build target found for /home/deeme/Documents/code/egui_calculator/egui-calculator/backend/src/main/scala/server/Server.scala. Using presentation compiler with project's scala-library version: 2.12.20[0m
2025.10.26 10:50:19 INFO  no build target found for /home/deeme/Documents/code/egui_calculator/egui-calculator/backend/src/main/scala/server/Server.scala. Using presentation compiler with project's scala-library version: 2.12.20[0m
2025.10.26 10:50:19 INFO  no build target found for /home/deeme/Documents/code/egui_calculator/egui-calculator/backend/src/main/scala/server/Server.scala. Using presentation compiler with project's scala-library version: 2.12.20[0m
2025.10.26 10:50:20 INFO  no build target found for /home/deeme/Documents/code/egui_calculator/egui-calculator/backend/src/main/scala/server/Server.scala. Using presentation compiler with project's scala-library version: 2.12.20[0m
2025.10.26 10:50:20 INFO  no build target found for /home/deeme/Documents/code/egui_calculator/egui-calculator/backend/src/main/scala/server/Server.scala. Using presentation compiler with project's scala-library version: 2.12.20[0m
2025.10.26 10:50:20 INFO  no build target found for /home/deeme/Documents/code/egui_calculator/egui-calculator/backend/src/main/scala/server/Server.scala. Using presentation compiler with project's scala-library version: 2.12.20[0m
2025.10.26 10:50:21 INFO  no build target found for /home/deeme/Documents/code/egui_calculator/egui-calculator/backend/src/main/scala/server/Server.scala. Using presentation compiler with project's scala-library version: 2.12.20[0m
2025.10.26 10:50:21 INFO  no build target found for /home/deeme/Documents/code/egui_calculator/egui-calculator/backend/src/main/scala/server/Server.scala. Using presentation compiler with project's scala-library version: 2.12.20[0m
2025.10.26 10:50:21 INFO  no build target found for /home/deeme/Documents/code/egui_calculator/egui-calculator/backend/src/main/scala/server/Server.scala. Using presentation compiler with project's scala-library version: 2.12.20[0m
2025.10.26 10:50:21 INFO  no build target found for /home/deeme/Documents/code/egui_calculator/egui-calculator/backend/src/main/scala/server/Server.scala. Using presentation compiler with project's scala-library version: 2.12.20[0m
2025.10.26 10:50:21 INFO  no build target found for /home/deeme/Documents/code/egui_calculator/egui-calculator/backend/src/main/scala/server/Server.scala. Using presentation compiler with project's scala-library version: 2.12.20[0m
2025.10.26 10:50:21 INFO  no build target found for /home/deeme/Documents/code/egui_calculator/egui-calculator/backend/src/main/scala/server/Server.scala. Using presentation compiler with project's scala-library version: 2.12.20[0m
2025.10.26 10:50:22 INFO  no build target found for /home/deeme/Documents/code/egui_calculator/egui-calculator/backend/src/main/scala/server/Server.scala. Using presentation compiler with project's scala-library version: 2.12.20[0m
2025.10.26 10:50:22 INFO  no build target found for /home/deeme/Documents/code/egui_calculator/egui-calculator/backend/src/main/scala/server/Server.scala. Using presentation compiler with project's scala-library version: 2.12.20[0m
2025.10.26 10:50:22 INFO  no build target found for /home/deeme/Documents/code/egui_calculator/egui-calculator/backend/src/main/scala/server/Server.scala. Using presentation compiler with project's scala-library version: 2.12.20[0m
2025.10.26 10:50:22 INFO  no build target found for /home/deeme/Documents/code/egui_calculator/egui-calculator/backend/src/main/scala/server/Server.scala. Using presentation compiler with project's scala-library version: 2.12.20[0m
2025.10.26 10:50:22 INFO  no build target found for /home/deeme/Documents/code/egui_calculator/egui-calculator/backend/src/main/scala/server/Server.scala. Using presentation compiler with project's scala-library version: 2.12.20[0m
2025.10.26 10:50:24 INFO  no build target found for /home/deeme/Documents/code/egui_calculator/egui-calculator/backend/src/main/scala/server/Server.scala. Using presentation compiler with project's scala-library version: 2.12.20[0m
2025.10.26 10:50:24 INFO  no build target found for /home/deeme/Documents/code/egui_calculator/egui-calculator/backend/src/main/scala/server/Server.scala. Using presentation compiler with project's scala-library version: 2.12.20[0m
2025.10.26 10:50:24 INFO  no build target found for /home/deeme/Documents/code/egui_calculator/egui-calculator/backend/src/main/scala/server/Server.scala. Using presentation compiler with project's scala-library version: 2.12.20[0m
2025.10.26 10:50:24 INFO  no build target found for /home/deeme/Documents/code/egui_calculator/egui-calculator/backend/src/main/scala/server/Server.scala. Using presentation compiler with project's scala-library version: 2.12.20[0m
2025.10.26 10:50:24 INFO  no build target found for /home/deeme/Documents/code/egui_calculator/egui-calculator/backend/src/main/scala/server/Server.scala. Using presentation compiler with project's scala-library version: 2.12.20[0m
2025.10.26 10:50:24 INFO  no build target found for /home/deeme/Documents/code/egui_calculator/egui-calculator/backend/src/main/scala/server/Server.scala. Using presentation compiler with project's scala-library version: 2.12.20[0m
2025.10.26 10:50:24 INFO  no build target found for /home/deeme/Documents/code/egui_calculator/egui-calculator/backend/src/main/scala/server/Server.scala. Using presentation compiler with project's scala-library version: 2.12.20[0m
2025.10.26 10:50:25 INFO  no build target found for /home/deeme/Documents/code/egui_calculator/egui-calculator/backend/src/main/scala/server/Server.scala. Using presentation compiler with project's scala-library version: 2.12.20[0m
2025.10.26 10:50:26 INFO  no build target found for /home/deeme/Documents/code/egui_calculator/egui-calculator/backend/src/main/scala/server/Server.scala. Using presentation compiler with project's scala-library version: 2.12.20[0m
2025.10.26 10:50:25 INFO  no build target found for /home/deeme/Documents/code/egui_calculator/egui-calculator/backend/src/main/scala/server/Server.scala. Using presentation compiler with project's scala-library version: 2.12.20[0m
2025.10.26 10:50:25 INFO  no build target found for /home/deeme/Documents/code/egui_calculator/egui-calculator/backend/src/main/scala/server/Server.scala. Using presentation compiler with project's scala-library version: 2.12.20[0m
2025.10.26 10:50:26 INFO  no build target found for /home/deeme/Documents/code/egui_calculator/egui-calculator/backend/src/main/scala/server/Server.scala. Using presentation compiler with project's scala-library version: 2.12.20[0m
2025.10.26 10:50:28 INFO  no build target found for /home/deeme/Documents/code/egui_calculator/egui-calculator/backend/src/main/scala/server/Server.scala. Using presentation compiler with project's scala-library version: 2.12.20[0m
2025.10.26 10:50:28 INFO  no build target found for /home/deeme/Documents/code/egui_calculator/egui-calculator/backend/src/main/scala/server/Server.scala. Using presentation compiler with project's scala-library version: 2.12.20[0m
2025.10.26 10:50:28 INFO  no build target found for /home/deeme/Documents/code/egui_calculator/egui-calculator/backend/src/main/scala/server/Server.scala. Using presentation compiler with project's scala-library version: 2.12.20[0m
2025.10.26 10:50:29 INFO  no build target found for /home/deeme/Documents/code/egui_calculator/egui-calculator/backend/src/main/scala/server/Server.scala. Using presentation compiler with project's scala-library version: 2.12.20[0m
2025.10.26 10:50:29 WARN  no build target for: /home/deeme/Documents/code/egui_calculator/egui-calculator/backend/src/main/scala/server/Server.scala[0m
2025.10.26 10:50:29 INFO  no build target found for /home/deeme/Documents/code/egui_calculator/egui-calculator/backend/src/main/scala/server/Server.scala. Using presentation compiler with project's scala-library version: 2.12.20[0m
2025.10.26 10:50:35 WARN  no build target for: /home/deeme/Documents/code/egui_calculator/egui-calculator/backend/src/main/scala/server/Server.scala[0m
2025.10.26 10:50:35 INFO  no build target found for /home/deeme/Documents/code/egui_calculator/egui-calculator/backend/src/main/scala/server/Server.scala. Using presentation compiler with project's scala-library version: 2.12.20[0m
2025.10.26 10:50:37 WARN  no build target for: /home/deeme/Documents/code/egui_calculator/egui-calculator/backend/src/main/scala/server/Server.scala[0m
2025.10.26 10:50:37 INFO  no build target found for /home/deeme/Documents/code/egui_calculator/egui-calculator/backend/src/main/scala/server/Server.scala. Using presentation compiler with project's scala-library version: 2.12.20[0m
2025.10.26 10:50:38 INFO  Shutting down server[0m
2025.10.26 10:50:38 INFO  shutting down Metals[0m
2025.10.26 10:50:38 WARN  no build target for: /home/deeme/Documents/code/egui_calculator/egui-calculator/backend/src/main/scala/server/Server.scala[0m
2025.10.26 10:50:38 INFO  Shut down connection with build server.[0m
2025.10.26 10:50:38 INFO  Shut down connection with build server.[0m
2025.10.26 10:52:53 INFO  Started: Metals version 1.6.3 in folders '/home/deeme/Documents/code/egui_calculator/egui-calculator/backend' for client Neovim 0.11.4+v0.11.4.[0m
2025.10.26 10:52:56 WARN  Using H2 2.4.240 which is newer than the version Flyway has been verified with. The latest verified version of H2 is 2.3.232.[0m
2025.10.26 10:52:56 INFO  no build target found for /home/deeme/Documents/code/egui_calculator/egui-calculator/backend/src/main/scala/core/Calculator/full/FullEvaluator.scala. Using presentation compiler with project's scala-library version: 3.3.6[0m
2025.10.26 10:52:56 INFO  no build target found for /home/deeme/Documents/code/egui_calculator/egui-calculator/backend/src/main/scala/core/Calculator/full/FullEvaluator.scala. Using presentation compiler with project's scala-library version: 3.3.6[0m
2025.10.26 10:52:56 INFO  Attempting to connect to the build server...[0m
2025.10.26 10:52:56 INFO  Found a Bloop server running[0m
2025.10.26 10:52:56 INFO  tracing is disabled for protocol BSP, to enable tracing of incoming and outgoing JSON messages create an empty file at /home/deeme/Documents/code/egui_calculator/egui-calculator/backend/.metals/bsp.trace.json or /home/deeme/.cache/metals/bsp.trace.json[0m
2025.10.26 10:52:56 INFO  Attempting to connect to the build server...[0m
2025.10.26 10:52:56 INFO  Found a Bloop server running[0m
2025.10.26 10:52:57 INFO  tracing is disabled for protocol BSP, to enable tracing of incoming and outgoing JSON messages create an empty file at /home/deeme/Documents/code/egui_calculator/egui-calculator/backend/project/.metals/bsp.trace.json or /home/deeme/.cache/metals/bsp.trace.json[0m
2025.10.26 10:52:57 INFO  time: Connected to build server in 0.36s[0m
2025.10.26 10:52:57 INFO  Connected to Build server: Bloop v2.0.16[0m
2025.10.26 10:52:56 INFO  Empty build targets. Expected at least one build target identifier. (full report at: "/home/deeme/Documents/code/egui_calculator/egui-calculator/backend/.metals/.reports/bloop/2025-10-26/r_Empty build targets...._10-49-56-409.md")[0m
2025.10.26 10:52:56 INFO  Empty build targets. Expected at least one build target identifier. (full report at: "/home/deeme/Documents/code/egui_calculator/egui-calculator/backend/.metals/.reports/bloop/2025-10-26/r_Empty build targets...._10-49-56-409.md")[0m
2025.10.26 10:52:56 INFO  Empty build targets. Expected at least one build target identifier. (full report at: "/home/deeme/Documents/code/egui_calculator/egui-calculator/backend/.metals/.reports/bloop/2025-10-26/r_Empty build targets...._10-49-56-409.md")[0m
2025.10.26 10:52:56 INFO  Empty build targets. Expected at least one build target identifier. (full report at: "/home/deeme/Documents/code/egui_calculator/egui-calculator/backend/.metals/.reports/bloop/2025-10-26/r_Empty build targets...._10-49-56-409.md")[0m
2025.10.26 10:52:56 INFO  Empty build targets. Expected at least one build target identifier. (full report at: "/home/deeme/Documents/code/egui_calculator/egui-calculator/backend/.metals/.reports/bloop/2025-10-26/r_Empty build targets...._10-49-56-409.md")[0m
2025.10.26 10:52:57 INFO  no build target found for /home/deeme/Documents/code/egui_calculator/egui-calculator/backend/src/main/scala/core/Calculator/full/FullEvaluator.scala. Using presentation compiler with project's scala-library version: 3.3.6[0m
2025.10.26 10:53:00 WARN  Could not find java sources in /usr/lib/jvm/src.zip, /usr/lib/jvm/lib/src.zip, /usr/lib/jvm/java-17-openjdk/src.zip, /usr/lib/jvm/java-17-openjdk/lib/src.zip. Java symbols will not be available.[0m
2025.10.26 10:53:00 WARN  no build target for: /home/deeme/Documents/code/egui_calculator/egui-calculator/backend/src/main/scala/core/Calculator/full/FullEvaluator.scala[0m
2025.10.26 10:53:00 INFO  no build target found for /home/deeme/Documents/code/egui_calculator/egui-calculator/backend/src/main/scala/core/Calculator/full/FullEvaluator.scala. Using presentation compiler with project's scala-library version: 2.12.20[0m
2025.10.26 10:53:00 INFO  time: indexed workspace in 3.24s[0m
2025.10.26 10:53:00 WARN  no build target for: /home/deeme/Documents/code/egui_calculator/egui-calculator/backend/src/main/scala/core/Calculator/full/FullEvaluator.scala[0m
2025.10.26 10:53:00 INFO  no build target found for /home/deeme/Documents/code/egui_calculator/egui-calculator/backend/src/main/scala/core/Calculator/full/FullEvaluator.scala. Using presentation compiler with project's scala-library version: 2.12.20[0m
2025.10.26 10:53:00 INFO  no build target found for /home/deeme/Documents/code/egui_calculator/egui-calculator/backend/src/main/scala/core/Calculator/full/FullEvaluator.scala. Using presentation compiler with project's scala-library version: 2.12.20[0m
2025.10.26 10:53:00 WARN  no build target for: /home/deeme/Documents/code/egui_calculator/egui-calculator/backend/src/main/scala/core/Calculator/full/FullEvaluator.scala[0m
2025.10.26 10:53:00 INFO  no build target found for /home/deeme/Documents/code/egui_calculator/egui-calculator/backend/src/main/scala/core/Calculator/full/FullEvaluator.scala. Using presentation compiler with project's scala-library version: 2.12.20[0m
2025.10.26 10:53:08 INFO  no build target found for /home/deeme/Documents/code/egui_calculator/egui-calculator/backend/src/main/scala/core/Calculator/full/FullEvaluator.scala. Using presentation compiler with project's scala-library version: 2.12.20[0m
2025.10.26 10:53:09 INFO  no build target found for /home/deeme/Documents/code/egui_calculator/egui-calculator/backend/src/main/scala/core/Calculator/full/FullEvaluator.scala. Using presentation compiler with project's scala-library version: 2.12.20[0m
2025.10.26 10:53:14 INFO  no build target found for /home/deeme/Documents/code/egui_calculator/egui-calculator/backend/src/main/scala/core/Calculator/full/FullEvaluator.scala. Using presentation compiler with project's scala-library version: 2.12.20[0m
2025.10.26 10:53:14 INFO  no build target found for /home/deeme/Documents/code/egui_calculator/egui-calculator/backend/src/main/scala/core/Calculator/full/FullEvaluator.scala. Using presentation compiler with project's scala-library version: 2.12.20[0m
2025.10.26 10:53:14 INFO  no build target found for /home/deeme/Documents/code/egui_calculator/egui-calculator/backend/src/main/scala/core/Calculator/full/FullEvaluator.scala. Using presentation compiler with project's scala-library version: 2.12.20[0m
2025.10.26 10:53:14 INFO  no build target found for /home/deeme/Documents/code/egui_calculator/egui-calculator/backend/src/main/scala/core/Calculator/full/FullEvaluator.scala. Using presentation compiler with project's scala-library version: 2.12.20[0m
2025.10.26 10:53:14 INFO  no build target found for /home/deeme/Documents/code/egui_calculator/egui-calculator/backend/src/main/scala/core/Calculator/full/FullEvaluator.scala. Using presentation compiler with project's scala-library version: 2.12.20[0m
2025.10.26 10:53:14 INFO  no build target found for /home/deeme/Documents/code/egui_calculator/egui-calculator/backend/src/main/scala/core/Calculator/full/FullEvaluator.scala. Using presentation compiler with project's scala-library version: 2.12.20[0m
2025.10.26 10:53:14 INFO  no build target found for /home/deeme/Documents/code/egui_calculator/egui-calculator/backend/src/main/scala/core/Calculator/full/FullEvaluator.scala. Using presentation compiler with project's scala-library version: 2.12.20[0m
2025.10.26 10:53:15 INFO  no build target found for /home/deeme/Documents/code/egui_calculator/egui-calculator/backend/src/main/scala/core/Calculator/full/FullEvaluator.scala. Using presentation compiler with project's scala-library version: 2.12.20[0m
2025.10.26 10:53:15 INFO  no build target found for /home/deeme/Documents/code/egui_calculator/egui-calculator/backend/src/main/scala/core/Calculator/full/FullEvaluator.scala. Using presentation compiler with project's scala-library version: 2.12.20[0m
2025.10.26 10:53:15 INFO  no build target found for /home/deeme/Documents/code/egui_calculator/egui-calculator/backend/src/main/scala/core/Calculator/full/FullEvaluator.scala. Using presentation compiler with project's scala-library version: 2.12.20[0m
2025.10.26 10:53:15 INFO  no build target found for /home/deeme/Documents/code/egui_calculator/egui-calculator/backend/src/main/scala/core/Calculator/full/FullEvaluator.scala. Using presentation compiler with project's scala-library version: 2.12.20[0m
2025.10.26 10:53:15 INFO  no build target found for /home/deeme/Documents/code/egui_calculator/egui-calculator/backend/src/main/scala/core/Calculator/full/FullEvaluator.scala. Using presentation compiler with project's scala-library version: 2.12.20[0m
2025.10.26 10:53:15 INFO  no build target found for /home/deeme/Documents/code/egui_calculator/egui-calculator/backend/src/main/scala/core/Calculator/full/FullEvaluator.scala. Using presentation compiler with project's scala-library version: 2.12.20[0m
2025.10.26 10:53:16 INFO  no build target found for /home/deeme/Documents/code/egui_calculator/egui-calculator/backend/src/main/scala/core/Calculator/full/FullEvaluator.scala. Using presentation compiler with project's scala-library version: 2.12.20[0m
2025.10.26 10:53:16 INFO  no build target found for /home/deeme/Documents/code/egui_calculator/egui-calculator/backend/src/main/scala/core/Calculator/full/FullEvaluator.scala. Using presentation compiler with project's scala-library version: 2.12.20[0m
2025.10.26 10:53:16 INFO  no build target found for /home/deeme/Documents/code/egui_calculator/egui-calculator/backend/src/main/scala/core/Calculator/full/FullEvaluator.scala. Using presentation compiler with project's scala-library version: 2.12.20[0m
2025.10.26 10:53:16 INFO  no build target found for /home/deeme/Documents/code/egui_calculator/egui-calculator/backend/src/main/scala/core/Calculator/full/FullEvaluator.scala. Using presentation compiler with project's scala-library version: 2.12.20[0m
2025.10.26 10:53:16 INFO  no build target found for /home/deeme/Documents/code/egui_calculator/egui-calculator/backend/src/main/scala/core/Calculator/full/FullEvaluator.scala. Using presentation compiler with project's scala-library version: 2.12.20[0m
2025.10.26 10:53:16 INFO  no build target found for /home/deeme/Documents/code/egui_calculator/egui-calculator/backend/src/main/scala/core/Calculator/full/FullEvaluator.scala. Using presentation compiler with project's scala-library version: 2.12.20[0m
2025.10.26 10:53:16 INFO  no build target found for /home/deeme/Documents/code/egui_calculator/egui-calculator/backend/src/main/scala/core/Calculator/full/FullEvaluator.scala. Using presentation compiler with project's scala-library version: 2.12.20[0m
2025.10.26 10:53:16 INFO  no build target found for /home/deeme/Documents/code/egui_calculator/egui-calculator/backend/src/main/scala/core/Calculator/full/FullEvaluator.scala. Using presentation compiler with project's scala-library version: 2.12.20[0m
2025.10.26 10:53:16 INFO  no build target found for /home/deeme/Documents/code/egui_calculator/egui-calculator/backend/src/main/scala/core/Calculator/full/FullEvaluator.scala. Using presentation compiler with project's scala-library version: 2.12.20[0m
2025.10.26 10:53:18 INFO  no build target found for /home/deeme/Documents/code/egui_calculator/egui-calculator/backend/src/main/scala/core/Calculator/full/FullEvaluator.scala. Using presentation compiler with project's scala-library version: 2.12.20[0m
2025.10.26 10:53:18 INFO  no build target found for /home/deeme/Documents/code/egui_calculator/egui-calculator/backend/src/main/scala/core/Calculator/full/FullEvaluator.scala. Using presentation compiler with project's scala-library version: 2.12.20[0m
2025.10.26 10:53:18 INFO  no build target found for /home/deeme/Documents/code/egui_calculator/egui-calculator/backend/src/main/scala/core/Calculator/full/FullEvaluator.scala. Using presentation compiler with project's scala-library version: 2.12.20[0m
2025.10.26 10:53:18 INFO  no build target found for /home/deeme/Documents/code/egui_calculator/egui-calculator/backend/src/main/scala/core/Calculator/full/FullEvaluator.scala. Using presentation compiler with project's scala-library version: 2.12.20[0m
2025.10.26 10:53:19 INFO  no build target found for /home/deeme/Documents/code/egui_calculator/egui-calculator/backend/src/main/scala/core/Calculator/full/FullEvaluator.scala. Using presentation compiler with project's scala-library version: 2.12.20[0m
2025.10.26 10:53:19 INFO  no build target found for /home/deeme/Documents/code/egui_calculator/egui-calculator/backend/src/main/scala/core/Calculator/full/FullEvaluator.scala. Using presentation compiler with project's scala-library version: 2.12.20[0m
2025.10.26 10:53:18 INFO  no build target found for /home/deeme/Documents/code/egui_calculator/egui-calculator/backend/src/main/scala/core/Calculator/full/FullEvaluator.scala. Using presentation compiler with project's scala-library version: 2.12.20[0m
2025.10.26 10:53:19 INFO  no build target found for /home/deeme/Documents/code/egui_calculator/egui-calculator/backend/src/main/scala/core/Calculator/full/FullEvaluator.scala. Using presentation compiler with project's scala-library version: 2.12.20[0m
2025.10.26 10:53:19 INFO  no build target found for /home/deeme/Documents/code/egui_calculator/egui-calculator/backend/src/main/scala/core/Calculator/full/FullEvaluator.scala. Using presentation compiler with project's scala-library version: 2.12.20[0m
2025.10.26 10:53:19 INFO  no build target found for /home/deeme/Documents/code/egui_calculator/egui-calculator/backend/src/main/scala/core/Calculator/full/FullEvaluator.scala. Using presentation compiler with project's scala-library version: 2.12.20[0m
2025.10.26 10:53:20 INFO  no build target found for /home/deeme/Documents/code/egui_calculator/egui-calculator/backend/src/main/scala/core/Calculator/full/FullEvaluator.scala. Using presentation compiler with project's scala-library version: 2.12.20[0m
2025.10.26 10:53:19 INFO  no build target found for /home/deeme/Documents/code/egui_calculator/egui-calculator/backend/src/main/scala/core/Calculator/full/FullEvaluator.scala. Using presentation compiler with project's scala-library version: 2.12.20[0m
2025.10.26 10:53:19 INFO  no build target found for /home/deeme/Documents/code/egui_calculator/egui-calculator/backend/src/main/scala/core/Calculator/full/FullEvaluator.scala. Using presentation compiler with project's scala-library version: 2.12.20[0m
2025.10.26 10:53:20 INFO  no build target found for /home/deeme/Documents/code/egui_calculator/egui-calculator/backend/src/main/scala/core/Calculator/full/FullEvaluator.scala. Using presentation compiler with project's scala-library version: 2.12.20[0m
2025.10.26 10:53:21 INFO  no build target found for /home/deeme/Documents/code/egui_calculator/egui-calculator/backend/src/main/scala/core/Calculator/full/FullEvaluator.scala. Using presentation compiler with project's scala-library version: 2.12.20[0m
2025.10.26 10:53:21 WARN  no build target for: /home/deeme/Documents/code/egui_calculator/egui-calculator/backend/src/main/scala/core/Calculator/full/FullEvaluator.scala[0m
2025.10.26 10:53:21 INFO  no build target found for /home/deeme/Documents/code/egui_calculator/egui-calculator/backend/src/main/scala/core/Calculator/full/FullEvaluator.scala. Using presentation compiler with project's scala-library version: 2.12.20[0m
2025.10.26 10:53:37 INFO  no build target found for /home/deeme/Documents/code/egui_calculator/egui-calculator/backend/src/main/scala/core/Calculator/full/FullEvaluator.scala. Using presentation compiler with project's scala-library version: 2.12.20[0m
2025.10.26 10:53:37 WARN  no build target for: /home/deeme/Documents/code/egui_calculator/egui-calculator/backend/src/main/scala/core/Calculator/full/FullEvaluator.scala[0m
2025.10.26 10:53:37 INFO  no build target found for /home/deeme/Documents/code/egui_calculator/egui-calculator/backend/src/main/scala/core/Calculator/full/FullEvaluator.scala. Using presentation compiler with project's scala-library version: 2.12.20[0m
2025.10.26 10:53:47 WARN  no build target for: /home/deeme/Documents/code/egui_calculator/egui-calculator/backend/src/main/scala/core/Calculator/full/FullEvaluator.scala[0m
2025.10.26 10:53:47 INFO  no build target found for /home/deeme/Documents/code/egui_calculator/egui-calculator/backend/src/main/scala/core/Calculator/full/FullExpr.scala. Using presentation compiler with project's scala-library version: 2.12.20[0m
2025.10.26 10:53:47 WARN  no build target for: /home/deeme/Documents/code/egui_calculator/egui-calculator/backend/src/main/scala/core/Calculator/full/FullExpr.scala[0m
2025.10.26 10:53:47 INFO  no build target found for /home/deeme/Documents/code/egui_calculator/egui-calculator/backend/src/main/scala/core/Calculator/full/FullExpr.scala. Using presentation compiler with project's scala-library version: 2.12.20[0m
2025.10.26 10:53:47 INFO  no build target found for /home/deeme/Documents/code/egui_calculator/egui-calculator/backend/src/main/scala/core/Calculator/full/FullExpr.scala. Using presentation compiler with project's scala-library version: 2.12.20[0m
Exception in thread "pool-7-thread-1" java.lang.InterruptedException
	at scala.meta.internal.metals.FutureCancelToken.checkCanceled(FutureCancelToken.scala:29)
	at scala.meta.internal.pc.CompilerAccess.$anonfun$onCompilerJobQueue$1(CompilerAccess.scala:207)
	at scala.meta.internal.pc.CompilerJobQueue$Job.run(CompilerJobQueue.scala:152)
	at java.base/java.util.concurrent.ThreadPoolExecutor.runWorker(ThreadPoolExecutor.java:1136)
	at java.base/java.util.concurrent.ThreadPoolExecutor$Worker.run(ThreadPoolExecutor.java:635)
	at java.base/java.lang.Thread.run(Thread.java:840)
2025.10.26 10:53:47 INFO  no build target found for /home/deeme/Documents/code/egui_calculator/egui-calculator/backend/src/main/scala/core/Calculator/full/FullExpr.scala. Using presentation compiler with project's scala-library version: 2.12.20[0m
2025.10.26 10:53:50 INFO  no build target found for /home/deeme/Documents/code/egui_calculator/egui-calculator/backend/src/main/scala/core/Calculator/full/FullExpr.scala. Using presentation compiler with project's scala-library version: 2.12.20[0m
2025.10.26 10:53:50 INFO  no build target found for /home/deeme/Documents/code/egui_calculator/egui-calculator/backend/src/main/scala/core/Calculator/full/FullExpr.scala. Using presentation compiler with project's scala-library version: 2.12.20[0m
2025.10.26 10:53:50 INFO  no build target found for /home/deeme/Documents/code/egui_calculator/egui-calculator/backend/src/main/scala/core/Calculator/full/FullExpr.scala. Using presentation compiler with project's scala-library version: 2.12.20[0m
2025.10.26 10:53:51 INFO  no build target found for /home/deeme/Documents/code/egui_calculator/egui-calculator/backend/src/main/scala/core/Calculator/full/FullExpr.scala. Using presentation compiler with project's scala-library version: 2.12.20[0m
2025.10.26 10:53:53 INFO  no build target found for /home/deeme/Documents/code/egui_calculator/egui-calculator/backend/src/main/scala/core/Calculator/full/FullExpr.scala. Using presentation compiler with project's scala-library version: 2.12.20[0m
2025.10.26 10:53:53 INFO  no build target found for /home/deeme/Documents/code/egui_calculator/egui-calculator/backend/src/main/scala/core/Calculator/full/FullExpr.scala. Using presentation compiler with project's scala-library version: 2.12.20[0m
2025.10.26 10:53:53 INFO  no build target found for /home/deeme/Documents/code/egui_calculator/egui-calculator/backend/src/main/scala/core/Calculator/full/FullExpr.scala. Using presentation compiler with project's scala-library version: 2.12.20[0m
2025.10.26 10:53:53 INFO  no build target found for /home/deeme/Documents/code/egui_calculator/egui-calculator/backend/src/main/scala/core/Calculator/full/FullExpr.scala. Using presentation compiler with project's scala-library version: 2.12.20[0m
2025.10.26 10:53:53 INFO  no build target found for /home/deeme/Documents/code/egui_calculator/egui-calculator/backend/src/main/scala/core/Calculator/full/FullExpr.scala. Using presentation compiler with project's scala-library version: 2.12.20[0m
2025.10.26 10:53:53 INFO  no build target found for /home/deeme/Documents/code/egui_calculator/egui-calculator/backend/src/main/scala/core/Calculator/full/FullExpr.scala. Using presentation compiler with project's scala-library version: 2.12.20[0m
2025.10.26 10:53:53 INFO  no build target found for /home/deeme/Documents/code/egui_calculator/egui-calculator/backend/src/main/scala/core/Calculator/full/FullExpr.scala. Using presentation compiler with project's scala-library version: 2.12.20[0m
2025.10.26 10:53:54 INFO  no build target found for /home/deeme/Documents/code/egui_calculator/egui-calculator/backend/src/main/scala/core/Calculator/full/FullExpr.scala. Using presentation compiler with project's scala-library version: 2.12.20[0m
2025.10.26 10:53:54 INFO  no build target found for /home/deeme/Documents/code/egui_calculator/egui-calculator/backend/src/main/scala/core/Calculator/full/FullExpr.scala. Using presentation compiler with project's scala-library version: 2.12.20[0m
2025.10.26 10:53:54 INFO  no build target found for /home/deeme/Documents/code/egui_calculator/egui-calculator/backend/src/main/scala/core/Calculator/full/FullExpr.scala. Using presentation compiler with project's scala-library version: 2.12.20[0m
2025.10.26 10:53:56 INFO  no build target found for /home/deeme/Documents/code/egui_calculator/egui-calculator/backend/src/main/scala/core/Calculator/full/FullExpr.scala. Using presentation compiler with project's scala-library version: 2.12.20[0m
2025.10.26 10:54:00 WARN  no build target for: /home/deeme/Documents/code/egui_calculator/egui-calculator/backend/src/main/scala/core/Calculator/full/FullExpr.scala[0m
2025.10.26 10:54:00 INFO  no build target found for /home/deeme/Documents/code/egui_calculator/egui-calculator/backend/src/main/scala/core/Calculator/full/FullExpr.scala. Using presentation compiler with project's scala-library version: 2.12.20[0m
2025.10.26 10:54:10 INFO  no build target found for /home/deeme/Documents/code/egui_calculator/egui-calculator/backend/src/main/scala/core/Calculator/full/FullExpr.scala. Using presentation compiler with project's scala-library version: 2.12.20[0m
2025.10.26 10:54:10 INFO  no build target found for /home/deeme/Documents/code/egui_calculator/egui-calculator/backend/src/main/scala/core/Calculator/full/FullExpr.scala. Using presentation compiler with project's scala-library version: 2.12.20[0m
2025.10.26 10:54:10 INFO  no build target found for /home/deeme/Documents/code/egui_calculator/egui-calculator/backend/src/main/scala/core/Calculator/full/FullExpr.scala. Using presentation compiler with project's scala-library version: 2.12.20[0m
2025.10.26 10:54:10 INFO  no build target found for /home/deeme/Documents/code/egui_calculator/egui-calculator/backend/src/main/scala/core/Calculator/full/FullExpr.scala. Using presentation compiler with project's scala-library version: 2.12.20[0m
2025.10.26 10:54:10 INFO  no build target found for /home/deeme/Documents/code/egui_calculator/egui-calculator/backend/src/main/scala/core/Calculator/full/FullExpr.scala. Using presentation compiler with project's scala-library version: 2.12.20[0m
2025.10.26 10:54:14 INFO  no build target found for /home/deeme/Documents/code/egui_calculator/egui-calculator/backend/src/main/scala/core/Calculator/full/FullExpr.scala. Using presentation compiler with project's scala-library version: 2.12.20[0m
2025.10.26 10:54:14 INFO  no build target found for /home/deeme/Documents/code/egui_calculator/egui-calculator/backend/src/main/scala/core/Calculator/full/FullExpr.scala. Using presentation compiler with project's scala-library version: 2.12.20[0m
2025.10.26 10:54:14 INFO  no build target found for /home/deeme/Documents/code/egui_calculator/egui-calculator/backend/src/main/scala/core/Calculator/full/FullExpr.scala. Using presentation compiler with project's scala-library version: 2.12.20[0m
2025.10.26 10:54:14 INFO  no build target found for /home/deeme/Documents/code/egui_calculator/egui-calculator/backend/src/main/scala/core/Calculator/full/FullExpr.scala. Using presentation compiler with project's scala-library version: 2.12.20[0m
2025.10.26 10:54:14 INFO  no build target found for /home/deeme/Documents/code/egui_calculator/egui-calculator/backend/src/main/scala/core/Calculator/full/FullExpr.scala. Using presentation compiler with project's scala-library version: 2.12.20[0m
2025.10.26 10:54:14 INFO  no build target found for /home/deeme/Documents/code/egui_calculator/egui-calculator/backend/src/main/scala/core/Calculator/full/FullExpr.scala. Using presentation compiler with project's scala-library version: 2.12.20[0m
2025.10.26 10:54:14 INFO  no build target found for /home/deeme/Documents/code/egui_calculator/egui-calculator/backend/src/main/scala/core/Calculator/full/FullExpr.scala. Using presentation compiler with project's scala-library version: 2.12.20[0m
2025.10.26 10:54:14 INFO  no build target found for /home/deeme/Documents/code/egui_calculator/egui-calculator/backend/src/main/scala/core/Calculator/full/FullExpr.scala. Using presentation compiler with project's scala-library version: 2.12.20[0m
2025.10.26 10:54:15 INFO  no build target found for /home/deeme/Documents/code/egui_calculator/egui-calculator/backend/src/main/scala/core/Calculator/full/FullExpr.scala. Using presentation compiler with project's scala-library version: 2.12.20[0m
2025.10.26 10:54:15 INFO  no build target found for /home/deeme/Documents/code/egui_calculator/egui-calculator/backend/src/main/scala/core/Calculator/full/FullExpr.scala. Using presentation compiler with project's scala-library version: 2.12.20[0m
2025.10.26 10:54:15 INFO  no build target found for /home/deeme/Documents/code/egui_calculator/egui-calculator/backend/src/main/scala/core/Calculator/full/FullExpr.scala. Using presentation compiler with project's scala-library version: 2.12.20[0m
2025.10.26 10:54:16 INFO  no build target found for /home/deeme/Documents/code/egui_calculator/egui-calculator/backend/src/main/scala/core/Calculator/full/FullExpr.scala. Using presentation compiler with project's scala-library version: 2.12.20[0m
2025.10.26 10:54:18 INFO  no build target found for /home/deeme/Documents/code/egui_calculator/egui-calculator/backend/src/main/scala/core/Calculator/full/FullExpr.scala. Using presentation compiler with project's scala-library version: 2.12.20[0m
2025.10.26 10:54:18 INFO  no build target found for /home/deeme/Documents/code/egui_calculator/egui-calculator/backend/src/main/scala/core/Calculator/full/FullExpr.scala. Using presentation compiler with project's scala-library version: 2.12.20[0m
2025.10.26 10:54:18 INFO  no build target found for /home/deeme/Documents/code/egui_calculator/egui-calculator/backend/src/main/scala/core/Calculator/full/FullExpr.scala. Using presentation compiler with project's scala-library version: 2.12.20[0m
2025.10.26 10:54:18 INFO  no build target found for /home/deeme/Documents/code/egui_calculator/egui-calculator/backend/src/main/scala/core/Calculator/full/FullExpr.scala. Using presentation compiler with project's scala-library version: 2.12.20[0m
2025.10.26 10:54:20 INFO  no build target found for /home/deeme/Documents/code/egui_calculator/egui-calculator/backend/src/main/scala/core/Calculator/full/FullExpr.scala. Using presentation compiler with project's scala-library version: 2.12.20[0m
2025.10.26 10:54:20 INFO  no build target found for /home/deeme/Documents/code/egui_calculator/egui-calculator/backend/src/main/scala/core/Calculator/full/FullExpr.scala. Using presentation compiler with project's scala-library version: 2.12.20[0m
2025.10.26 10:54:20 INFO  no build target found for /home/deeme/Documents/code/egui_calculator/egui-calculator/backend/src/main/scala/core/Calculator/full/FullExpr.scala. Using presentation compiler with project's scala-library version: 2.12.20[0m
2025.10.26 10:54:21 INFO  no build target found for /home/deeme/Documents/code/egui_calculator/egui-calculator/backend/src/main/scala/core/Calculator/full/FullExpr.scala. Using presentation compiler with project's scala-library version: 2.12.20[0m
2025.10.26 10:54:21 INFO  no build target found for /home/deeme/Documents/code/egui_calculator/egui-calculator/backend/src/main/scala/core/Calculator/full/FullExpr.scala. Using presentation compiler with project's scala-library version: 2.12.20[0m
2025.10.26 10:54:21 INFO  no build target found for /home/deeme/Documents/code/egui_calculator/egui-calculator/backend/src/main/scala/core/Calculator/full/FullExpr.scala. Using presentation compiler with project's scala-library version: 2.12.20[0m
2025.10.26 10:54:22 INFO  no build target found for /home/deeme/Documents/code/egui_calculator/egui-calculator/backend/src/main/scala/core/Calculator/full/FullExpr.scala. Using presentation compiler with project's scala-library version: 2.12.20[0m
2025.10.26 10:54:22 INFO  no build target found for /home/deeme/Documents/code/egui_calculator/egui-calculator/backend/src/main/scala/core/Calculator/full/FullExpr.scala. Using presentation compiler with project's scala-library version: 2.12.20[0m
2025.10.26 10:54:24 INFO  no build target found for /home/deeme/Documents/code/egui_calculator/egui-calculator/backend/src/main/scala/core/Calculator/full/FullExpr.scala. Using presentation compiler with project's scala-library version: 2.12.20[0m
2025.10.26 10:54:24 INFO  no build target found for /home/deeme/Documents/code/egui_calculator/egui-calculator/backend/src/main/scala/core/Calculator/full/FullExpr.scala. Using presentation compiler with project's scala-library version: 2.12.20[0m
2025.10.26 10:54:24 INFO  no build target found for /home/deeme/Documents/code/egui_calculator/egui-calculator/backend/src/main/scala/core/Calculator/full/FullExpr.scala. Using presentation compiler with project's scala-library version: 2.12.20[0m
2025.10.26 10:54:26 INFO  no build target found for /home/deeme/Documents/code/egui_calculator/egui-calculator/backend/src/main/scala/core/Calculator/full/FullExpr.scala. Using presentation compiler with project's scala-library version: 2.12.20[0m
2025.10.26 10:54:26 WARN  no build target for: /home/deeme/Documents/code/egui_calculator/egui-calculator/backend/src/main/scala/core/Calculator/full/FullExpr.scala[0m
2025.10.26 10:54:26 INFO  no build target found for /home/deeme/Documents/code/egui_calculator/egui-calculator/backend/src/main/scala/core/Calculator/full/FullExpr.scala. Using presentation compiler with project's scala-library version: 2.12.20[0m
2025.10.26 10:54:29 INFO  no build target found for /home/deeme/Documents/code/egui_calculator/egui-calculator/backend/src/main/scala/core/Calculator/full/FullExpr.scala. Using presentation compiler with project's scala-library version: 2.12.20[0m
2025.10.26 10:54:29 INFO  no build target found for /home/deeme/Documents/code/egui_calculator/egui-calculator/backend/src/main/scala/core/Calculator/full/FullExpr.scala. Using presentation compiler with project's scala-library version: 2.12.20[0m
2025.10.26 10:54:31 INFO  no build target found for /home/deeme/Documents/code/egui_calculator/egui-calculator/backend/src/main/scala/core/Calculator/full/FullExpr.scala. Using presentation compiler with project's scala-library version: 2.12.20[0m
2025.10.26 10:54:31 WARN  no build target for: /home/deeme/Documents/code/egui_calculator/egui-calculator/backend/src/main/scala/core/Calculator/full/FullExpr.scala[0m
2025.10.26 10:54:31 INFO  no build target found for /home/deeme/Documents/code/egui_calculator/egui-calculator/backend/src/main/scala/core/Calculator/full/FullExpr.scala. Using presentation compiler with project's scala-library version: 2.12.20[0m
2025.10.26 10:54:32 INFO  no build target found for /home/deeme/Documents/code/egui_calculator/egui-calculator/backend/src/main/scala/core/Calculator/full/FullExpr.scala. Using presentation compiler with project's scala-library version: 2.12.20[0m
2025.10.26 10:54:32 INFO  no build target found for /home/deeme/Documents/code/egui_calculator/egui-calculator/backend/src/main/scala/core/Calculator/full/FullExpr.scala. Using presentation compiler with project's scala-library version: 2.12.20[0m
2025.10.26 10:54:48 WARN  no build target for: /home/deeme/Documents/code/egui_calculator/egui-calculator/backend/src/main/scala/core/Calculator/full/FullExpr.scala[0m
2025.10.26 10:54:48 INFO  no build target found for /home/deeme/Documents/code/egui_calculator/egui-calculator/backend/src/main/scala/core/Calculator/full/FullExpr.scala. Using presentation compiler with project's scala-library version: 2.12.20[0m
2025.10.26 10:54:50 WARN  no build target for: /home/deeme/Documents/code/egui_calculator/egui-calculator/backend/src/main/scala/core/Calculator/full/FullExpr.scala[0m
2025.10.26 10:54:50 INFO  no build target found for /home/deeme/Documents/code/egui_calculator/egui-calculator/backend/src/main/scala/core/Calculator/full/FullExpr.scala. Using presentation compiler with project's scala-library version: 2.12.20[0m
2025.10.26 10:54:51 WARN  no build target for: /home/deeme/Documents/code/egui_calculator/egui-calculator/backend/src/main/scala/core/Calculator/full/FullExpr.scala[0m
2025.10.26 10:54:51 INFO  no build target found for /home/deeme/Documents/code/egui_calculator/egui-calculator/backend/src/main/scala/core/Calculator/full/FullExpr.scala. Using presentation compiler with project's scala-library version: 2.12.20[0m
2025.10.26 10:54:53 INFO  no build target found for /home/deeme/Documents/code/egui_calculator/egui-calculator/backend/src/main/scala/core/Calculator/full/FullExpr.scala. Using presentation compiler with project's scala-library version: 2.12.20[0m
2025.10.26 10:54:55 INFO  Shutting down server[0m
2025.10.26 10:54:55 INFO  shutting down Metals[0m
2025.10.26 10:54:55 INFO  Shut down connection with build server.[0m
2025.10.26 10:54:55 INFO  Shut down connection with build server.[0m
